Unable to capture context for thread 5420 in process 6916, can not generate back trace
Unable to capture context for thread 12700 in process 6916, can not generate back trace
Unable to capture context for thread 13936 in process 6916, can not generate back trace
Exception at PC 0x00007FFE93244F99
Unable to capture context for thread 13936 in process 6916, can not generate back trace
Exception at PC 0x00007FFE187DBB93
Printing stacktrace...

Exception at PC 0x00007FFE93244F99
Exception at PC 0x00007FFE93244F99
Exception at PC 0x00007FFE93244F99
Exception at PC 0x00007FFE93244F99
Exception at PC 0x00007FFE93244F99
Exception at PC 0x00007FFE93244F99
Exception at PC 0x00007FFE93244F99
Exception at PC 0x00007FFE93244F99
Exception at PC 0x00007FFE93244F99
Exception at PC 0x00007FFE93244F99
Exception at PC 0x00007FFE93244F99
Exception at PC 0x00007FFE93244F99
Exception at PC 0x00007FFE93244F99
Exception at PC 0x00007FFE93244F99
Exception at PC 0x00007FFE93244F99
Exception at PC 0x00007FFE93244F99
Exception at PC 0x00007FFE93244F99
[0]  [0x00007FFE187DBB93]
[1]  [0x00007FFE187DBB93]
[2]  [0x00007FFE187DB4A1]
[3]  [0x00007FFE187DB3EF]
[4]  [0x00007FFE187C19FE]
[5]  [0x00007FFE187C0ED1]
[6]  [0x00007FFE187C0D76]
[7]  [0x00007FFE187679F6]
[8]  [0x00007FFE18757AFB]
[9]  [0x00007FFE1887E90A]
[10]  [0x00007FFE18899F87]
[11]  [0x00007FFE1889A05F]
[12] (BaseThreadInitThunk+0x14) [0x00007FFE94DC7034]
[13] (RtlUserThreadStart+0x21) [0x00007FFE95B42651]
Done
