Unable to capture context for thread 3732 in process 10184, can not generate back trace
Unable to capture context for thread 11924 in process 10184, can not generate back trace
Unable to capture context for thread 13408 in process 10184, can not generate back trace
Exception at PC 0x00007FFE93244F99
Unable to capture context for thread 13408 in process 10184, can not generate back trace
Exception at PC 0x00007FFDFA95BB93
Printing stacktrace...

Exception at PC 0x00007FFE93244F99
Exception at PC 0x00007FFE93244F99
Exception at PC 0x00007FFE93244F99
Exception at PC 0x00007FFE93244F99
Exception at PC 0x00007FFE93244F99
Exception at PC 0x00007FFE93244F99
Exception at PC 0x00007FFE93244F99
Exception at PC 0x00007FFE93244F99
Exception at PC 0x00007FFE93244F99
Exception at PC 0x00007FFE93244F99
Exception at PC 0x00007FFE93244F99
Exception at PC 0x00007FFE93244F99
Exception at PC 0x00007FFE93244F99
Exception at PC 0x00007FFE93244F99
Exception at PC 0x00007FFE93244F99
Exception at PC 0x00007FFE93244F99
Exception at PC 0x00007FFE93244F99
[0]  [0x00007FFDFA95BB93]
[1]  [0x00007FFDFA95BB93]
[2]  [0x00007FFDFA95B4A1]
[3]  [0x00007FFDFA95B3EF]
[4]  [0x00007FFDFA9419FE]
[5]  [0x00007FFDFA940ED1]
[6]  [0x00007FFDFA940D76]
[7]  [0x00007FFDFA8E79F6]
[8]  [0x00007FFDFA8D7AFB]
[9]  [0x00007FFDFA9FE90A]
[10]  [0x00007FFDFAA19F87]
[11]  [0x00007FFDFAA1A05F]
[12] (BaseThreadInitThunk+0x14) [0x00007FFE94DC7034]
[13] (RtlUserThreadStart+0x21) [0x00007FFE95B42651]
Done
