Unable to capture context for thread 8240 in process 4440, can not generate back trace
Unable to capture context for thread 8676 in process 4440, can not generate back trace
Unable to capture context for thread 2592 in process 4440, can not generate back trace
Exception at PC 0x00007FFCA3614F99
Unable to capture context for thread 2592 in process 4440, can not generate back trace
Exception at PC 0x00007FFC0ABABB93
Printing stacktrace...

Exception at PC 0x00007FFCA3614F99
Exception at PC 0x00007FFCA3614F99
Exception at PC 0x00007FFCA3614F99
Exception at PC 0x00007FFCA3614F99
Exception at PC 0x00007FFCA3614F99
Exception at PC 0x00007FFCA3614F99
Exception at PC 0x00007FFCA3614F99
Exception at PC 0x00007FFCA3614F99
Exception at PC 0x00007FFCA3614F99
Exception at PC 0x00007FFCA3614F99
Exception at PC 0x00007FFCA3614F99
Exception at PC 0x00007FFCA3614F99
Exception at PC 0x00007FFCA3614F99
Exception at PC 0x00007FFCA3614F99
Exception at PC 0x00007FFCA3614F99
Exception at PC 0x00007FFCA3614F99
Exception at PC 0x00007FFCA3614F99
[0]  [0x00007FFC0ABABB93]
[1]  [0x00007FFC0ABABB93]
[2]  [0x00007FFC0ABAB4A1]
[3]  [0x00007FFC0ABAB3EF]
[4]  [0x00007FFC0AB919FE]
[5]  [0x00007FFC0AB90ED1]
[6]  [0x00007FFC0AB90D76]
[7]  [0x00007FFC0AB379F6]
[8]  [0x00007FFC0AB27AFB]
[9]  [0x00007FFC0AC4E90A]
[10]  [0x00007FFC0AC69F87]
[11]  [0x00007FFC0AC6A05F]
[12] (BaseThreadInitThunk+0x14) [0x00007FFCA49C7034]
[13] (RtlUserThreadStart+0x21) [0x00007FFCA5CA2651]
Done
