Unable to capture context for thread 15484 in process 7828, can not generate back trace
Unable to capture context for thread 14844 in process 7828, can not generate back trace
Exception at PC 0x00007FF830C94F99
Unable to capture context for thread 6920 in process 7828, can not generate back trace
Exception at PC 0x00007FFF99A6BB93
Printing stacktrace...

Unable to capture context for thread 6920 in process 7828, can not generate back trace
Exception at PC 0x00007FF830C94F99
Exception at PC 0x00007FF830C94F99
Exception at PC 0x00007FF830C94F99
Exception at PC 0x00007FF830C94F99
Exception at PC 0x00007FF830C94F99
Exception at PC 0x00007FF830C94F99
Exception at PC 0x00007FF830C94F99
Exception at PC 0x00007FF830C94F99
Exception at PC 0x00007FF830C94F99
Exception at PC 0x00007FF830C94F99
Exception at PC 0x00007FF830C94F99
Exception at PC 0x00007FF830C94F99
Exception at PC 0x00007FF830C94F99
Exception at PC 0x00007FF830C94F99
Exception at PC 0x00007FF830C94F99
Exception at PC 0x00007FF830C94F99
Exception at PC 0x00007FF830C94F99
[0]  [0x00007FFF99A6BB93]
[1]  [0x00007FFF99A6BB93]
[2]  [0x00007FFF99A6B4A1]
[3]  [0x00007FFF99A6B3EF]
[4]  [0x00007FFF99A519FE]
[5]  [0x00007FFF99A50ED1]
[6]  [0x00007FFF99A50D76]
[7]  [0x00007FFF999F79F6]
[8]  [0x00007FFF999E7AFB]
[9]  [0x00007FFF99B0E90A]
[10]  [0x00007FFF99B29F87]
[11]  [0x00007FFF99B2A05F]
[12] (BaseThreadInitThunk+0x14) [0x00007FF831527034]
[13] (RtlUserThreadStart+0x21) [0x00007FF8333C2651]
Done
