
*** Running vivado
    with args -log adder_32bit.vds -m64 -product Vivado -mode batch -messageDb vivado.pb -notrace -source adder_32bit.tcl


****** Vivado v2016.3 (64-bit)
  **** SW Build 1682563 on Mon Oct 10 19:07:27 MDT 2016
  **** IP Build 1681267 on Mon Oct 10 21:28:31 MDT 2016
    ** Copyright 1986-2016 Xilinx, Inc. All Rights Reserved.

source adder_32bit.tcl -notrace
Command: synth_design -top adder_32bit -part xc7a35tcpg236-1
Starting synth_design
Attempting to get a license for feature 'Synthesis' and/or device 'xc7a35t'
INFO: [Common 17-349] Got license for feature 'Synthesis' and/or device 'xc7a35t'
INFO: Launching helper process for spawning children vivado processes
INFO: Helper process launched with PID 14428 
---------------------------------------------------------------------------------
Starting Synthesize : Time (s): cpu = 00:00:03 ; elapsed = 00:00:04 . Memory (MB): peak = 311.723 ; gain = 101.969
---------------------------------------------------------------------------------
INFO: [Synth 8-638] synthesizing module 'adder_32bit' [C:/Users/Vihan/Documents/GitHub/Mips-Processor/Mips-processor/Mips-processor.srcs/sources_1/new/adder_32bit.vhd:43]
INFO: [Synth 8-3491] module 'adder' declared at 'C:/Users/Vihan/Documents/GitHub/Mips-Processor/Mips-processor/Mips-processor.srcs/sources_1/new/adder.vhd:34' bound to instance 'A0' of component 'adder' [C:/Users/Vihan/Documents/GitHub/Mips-Processor/Mips-processor/Mips-processor.srcs/sources_1/new/adder_32bit.vhd:58]
INFO: [Synth 8-638] synthesizing module 'adder' [C:/Users/Vihan/Documents/GitHub/Mips-Processor/Mips-processor/Mips-processor.srcs/sources_1/new/adder.vhd:44]
INFO: [Synth 8-256] done synthesizing module 'adder' (1#1) [C:/Users/Vihan/Documents/GitHub/Mips-Processor/Mips-processor/Mips-processor.srcs/sources_1/new/adder.vhd:44]
INFO: [Synth 8-3491] module 'adder' declared at 'C:/Users/Vihan/Documents/GitHub/Mips-Processor/Mips-processor/Mips-processor.srcs/sources_1/new/adder.vhd:34' bound to instance 'Ai' of component 'adder' [C:/Users/Vihan/Documents/GitHub/Mips-Processor/Mips-processor/Mips-processor.srcs/sources_1/new/adder_32bit.vhd:67]
INFO: [Synth 8-3491] module 'adder' declared at 'C:/Users/Vihan/Documents/GitHub/Mips-Processor/Mips-processor/Mips-processor.srcs/sources_1/new/adder.vhd:34' bound to instance 'Ai' of component 'adder' [C:/Users/Vihan/Documents/GitHub/Mips-Processor/Mips-processor/Mips-processor.srcs/sources_1/new/adder_32bit.vhd:67]
INFO: [Synth 8-3491] module 'adder' declared at 'C:/Users/Vihan/Documents/GitHub/Mips-Processor/Mips-processor/Mips-processor.srcs/sources_1/new/adder.vhd:34' bound to instance 'Ai' of component 'adder' [C:/Users/Vihan/Documents/GitHub/Mips-Processor/Mips-processor/Mips-processor.srcs/sources_1/new/adder_32bit.vhd:67]
INFO: [Synth 8-3491] module 'adder' declared at 'C:/Users/Vihan/Documents/GitHub/Mips-Processor/Mips-processor/Mips-processor.srcs/sources_1/new/adder.vhd:34' bound to instance 'Ai' of component 'adder' [C:/Users/Vihan/Documents/GitHub/Mips-Processor/Mips-processor/Mips-processor.srcs/sources_1/new/adder_32bit.vhd:67]
INFO: [Synth 8-3491] module 'adder' declared at 'C:/Users/Vihan/Documents/GitHub/Mips-Processor/Mips-processor/Mips-processor.srcs/sources_1/new/adder.vhd:34' bound to instance 'Ai' of component 'adder' [C:/Users/Vihan/Documents/GitHub/Mips-Processor/Mips-processor/Mips-processor.srcs/sources_1/new/adder_32bit.vhd:67]
INFO: [Synth 8-3491] module 'adder' declared at 'C:/Users/Vihan/Documents/GitHub/Mips-Processor/Mips-processor/Mips-processor.srcs/sources_1/new/adder.vhd:34' bound to instance 'Ai' of component 'adder' [C:/Users/Vihan/Documents/GitHub/Mips-Processor/Mips-processor/Mips-processor.srcs/sources_1/new/adder_32bit.vhd:67]
INFO: [Synth 8-3491] module 'adder' declared at 'C:/Users/Vihan/Documents/GitHub/Mips-Processor/Mips-processor/Mips-processor.srcs/sources_1/new/adder.vhd:34' bound to instance 'Ai' of component 'adder' [C:/Users/Vihan/Documents/GitHub/Mips-Processor/Mips-processor/Mips-processor.srcs/sources_1/new/adder_32bit.vhd:67]
INFO: [Synth 8-3491] module 'adder' declared at 'C:/Users/Vihan/Documents/GitHub/Mips-Processor/Mips-processor/Mips-processor.srcs/sources_1/new/adder.vhd:34' bound to instance 'Ai' of component 'adder' [C:/Users/Vihan/Documents/GitHub/Mips-Processor/Mips-processor/Mips-processor.srcs/sources_1/new/adder_32bit.vhd:67]
INFO: [Synth 8-3491] module 'adder' declared at 'C:/Users/Vihan/Documents/GitHub/Mips-Processor/Mips-processor/Mips-processor.srcs/sources_1/new/adder.vhd:34' bound to instance 'Ai' of component 'adder' [C:/Users/Vihan/Documents/GitHub/Mips-Processor/Mips-processor/Mips-processor.srcs/sources_1/new/adder_32bit.vhd:67]
INFO: [Synth 8-3491] module 'adder' declared at 'C:/Users/Vihan/Documents/GitHub/Mips-Processor/Mips-processor/Mips-processor.srcs/sources_1/new/adder.vhd:34' bound to instance 'Ai' of component 'adder' [C:/Users/Vihan/Documents/GitHub/Mips-Processor/Mips-processor/Mips-processor.srcs/sources_1/new/adder_32bit.vhd:67]
INFO: [Synth 8-3491] module 'adder' declared at 'C:/Users/Vihan/Documents/GitHub/Mips-Processor/Mips-processor/Mips-processor.srcs/sources_1/new/adder.vhd:34' bound to instance 'Ai' of component 'adder' [C:/Users/Vihan/Documents/GitHub/Mips-Processor/Mips-processor/Mips-processor.srcs/sources_1/new/adder_32bit.vhd:67]
INFO: [Synth 8-3491] module 'adder' declared at 'C:/Users/Vihan/Documents/GitHub/Mips-Processor/Mips-processor/Mips-processor.srcs/sources_1/new/adder.vhd:34' bound to instance 'Ai' of component 'adder' [C:/Users/Vihan/Documents/GitHub/Mips-Processor/Mips-processor/Mips-processor.srcs/sources_1/new/adder_32bit.vhd:67]
INFO: [Synth 8-3491] module 'adder' declared at 'C:/Users/Vihan/Documents/GitHub/Mips-Processor/Mips-processor/Mips-processor.srcs/sources_1/new/adder.vhd:34' bound to instance 'Ai' of component 'adder' [C:/Users/Vihan/Documents/GitHub/Mips-Processor/Mips-processor/Mips-processor.srcs/sources_1/new/adder_32bit.vhd:67]
INFO: [Synth 8-3491] module 'adder' declared at 'C:/Users/Vihan/Documents/GitHub/Mips-Processor/Mips-processor/Mips-processor.srcs/sources_1/new/adder.vhd:34' bound to instance 'Ai' of component 'adder' [C:/Users/Vihan/Documents/GitHub/Mips-Processor/Mips-processor/Mips-processor.srcs/sources_1/new/adder_32bit.vhd:67]
INFO: [Synth 8-3491] module 'adder' declared at 'C:/Users/Vihan/Documents/GitHub/Mips-Processor/Mips-processor/Mips-processor.srcs/sources_1/new/adder.vhd:34' bound to instance 'Ai' of component 'adder' [C:/Users/Vihan/Documents/GitHub/Mips-Processor/Mips-processor/Mips-processor.srcs/sources_1/new/adder_32bit.vhd:67]
INFO: [Synth 8-3491] module 'adder' declared at 'C:/Users/Vihan/Documents/GitHub/Mips-Processor/Mips-processor/Mips-processor.srcs/sources_1/new/adder.vhd:34' bound to instance 'Ai' of component 'adder' [C:/Users/Vihan/Documents/GitHub/Mips-Processor/Mips-processor/Mips-processor.srcs/sources_1/new/adder_32bit.vhd:67]
INFO: [Synth 8-3491] module 'adder' declared at 'C:/Users/Vihan/Documents/GitHub/Mips-Processor/Mips-processor/Mips-processor.srcs/sources_1/new/adder.vhd:34' bound to instance 'Ai' of component 'adder' [C:/Users/Vihan/Documents/GitHub/Mips-Processor/Mips-processor/Mips-processor.srcs/sources_1/new/adder_32bit.vhd:67]
INFO: [Synth 8-3491] module 'adder' declared at 'C:/Users/Vihan/Documents/GitHub/Mips-Processor/Mips-processor/Mips-processor.srcs/sources_1/new/adder.vhd:34' bound to instance 'Ai' of component 'adder' [C:/Users/Vihan/Documents/GitHub/Mips-Processor/Mips-processor/Mips-processor.srcs/sources_1/new/adder_32bit.vhd:67]
INFO: [Synth 8-3491] module 'adder' declared at 'C:/Users/Vihan/Documents/GitHub/Mips-Processor/Mips-processor/Mips-processor.srcs/sources_1/new/adder.vhd:34' bound to instance 'Ai' of component 'adder' [C:/Users/Vihan/Documents/GitHub/Mips-Processor/Mips-processor/Mips-processor.srcs/sources_1/new/adder_32bit.vhd:67]
INFO: [Synth 8-3491] module 'adder' declared at 'C:/Users/Vihan/Documents/GitHub/Mips-Processor/Mips-processor/Mips-processor.srcs/sources_1/new/adder.vhd:34' bound to instance 'Ai' of component 'adder' [C:/Users/Vihan/Documents/GitHub/Mips-Processor/Mips-processor/Mips-processor.srcs/sources_1/new/adder_32bit.vhd:67]
INFO: [Synth 8-3491] module 'adder' declared at 'C:/Users/Vihan/Documents/GitHub/Mips-Processor/Mips-processor/Mips-processor.srcs/sources_1/new/adder.vhd:34' bound to instance 'Ai' of component 'adder' [C:/Users/Vihan/Documents/GitHub/Mips-Processor/Mips-processor/Mips-processor.srcs/sources_1/new/adder_32bit.vhd:67]
INFO: [Synth 8-3491] module 'adder' declared at 'C:/Users/Vihan/Documents/GitHub/Mips-Processor/Mips-processor/Mips-processor.srcs/sources_1/new/adder.vhd:34' bound to instance 'Ai' of component 'adder' [C:/Users/Vihan/Documents/GitHub/Mips-Processor/Mips-processor/Mips-processor.srcs/sources_1/new/adder_32bit.vhd:67]
INFO: [Synth 8-3491] module 'adder' declared at 'C:/Users/Vihan/Documents/GitHub/Mips-Processor/Mips-processor/Mips-processor.srcs/sources_1/new/adder.vhd:34' bound to instance 'Ai' of component 'adder' [C:/Users/Vihan/Documents/GitHub/Mips-Processor/Mips-processor/Mips-processor.srcs/sources_1/new/adder_32bit.vhd:67]
INFO: [Synth 8-3491] module 'adder' declared at 'C:/Users/Vihan/Documents/GitHub/Mips-Processor/Mips-processor/Mips-processor.srcs/sources_1/new/adder.vhd:34' bound to instance 'Ai' of component 'adder' [C:/Users/Vihan/Documents/GitHub/Mips-Processor/Mips-processor/Mips-processor.srcs/sources_1/new/adder_32bit.vhd:67]
INFO: [Synth 8-3491] module 'adder' declared at 'C:/Users/Vihan/Documents/GitHub/Mips-Processor/Mips-processor/Mips-processor.srcs/sources_1/new/adder.vhd:34' bound to instance 'Ai' of component 'adder' [C:/Users/Vihan/Documents/GitHub/Mips-Processor/Mips-processor/Mips-processor.srcs/sources_1/new/adder_32bit.vhd:67]
INFO: [Synth 8-3491] module 'adder' declared at 'C:/Users/Vihan/Documents/GitHub/Mips-Processor/Mips-processor/Mips-processor.srcs/sources_1/new/adder.vhd:34' bound to instance 'Ai' of component 'adder' [C:/Users/Vihan/Documents/GitHub/Mips-Processor/Mips-processor/Mips-processor.srcs/sources_1/new/adder_32bit.vhd:67]
INFO: [Synth 8-3491] module 'adder' declared at 'C:/Users/Vihan/Documents/GitHub/Mips-Processor/Mips-processor/Mips-processor.srcs/sources_1/new/adder.vhd:34' bound to instance 'Ai' of component 'adder' [C:/Users/Vihan/Documents/GitHub/Mips-Processor/Mips-processor/Mips-processor.srcs/sources_1/new/adder_32bit.vhd:67]
INFO: [Synth 8-3491] module 'adder' declared at 'C:/Users/Vihan/Documents/GitHub/Mips-Processor/Mips-processor/Mips-processor.srcs/sources_1/new/adder.vhd:34' bound to instance 'Ai' of component 'adder' [C:/Users/Vihan/Documents/GitHub/Mips-Processor/Mips-processor/Mips-processor.srcs/sources_1/new/adder_32bit.vhd:67]
INFO: [Synth 8-3491] module 'adder' declared at 'C:/Users/Vihan/Documents/GitHub/Mips-Processor/Mips-processor/Mips-processor.srcs/sources_1/new/adder.vhd:34' bound to instance 'Ai' of component 'adder' [C:/Users/Vihan/Documents/GitHub/Mips-Processor/Mips-processor/Mips-processor.srcs/sources_1/new/adder_32bit.vhd:67]
INFO: [Synth 8-3491] module 'adder' declared at 'C:/Users/Vihan/Documents/GitHub/Mips-Processor/Mips-processor/Mips-processor.srcs/sources_1/new/adder.vhd:34' bound to instance 'Ai' of component 'adder' [C:/Users/Vihan/Documents/GitHub/Mips-Processor/Mips-processor/Mips-processor.srcs/sources_1/new/adder_32bit.vhd:67]
INFO: [Synth 8-3491] module 'adder' declared at 'C:/Users/Vihan/Documents/GitHub/Mips-Processor/Mips-processor/Mips-processor.srcs/sources_1/new/adder.vhd:34' bound to instance 'A31' of component 'adder' [C:/Users/Vihan/Documents/GitHub/Mips-Processor/Mips-processor/Mips-processor.srcs/sources_1/new/adder_32bit.vhd:76]
INFO: [Synth 8-256] done synthesizing module 'adder_32bit' (2#1) [C:/Users/Vihan/Documents/GitHub/Mips-Processor/Mips-processor/Mips-processor.srcs/sources_1/new/adder_32bit.vhd:43]
---------------------------------------------------------------------------------
Finished Synthesize : Time (s): cpu = 00:00:04 ; elapsed = 00:00:04 . Memory (MB): peak = 349.219 ; gain = 139.465
---------------------------------------------------------------------------------
---------------------------------------------------------------------------------
Finished Constraint Validation : Time (s): cpu = 00:00:04 ; elapsed = 00:00:04 . Memory (MB): peak = 349.219 ; gain = 139.465
---------------------------------------------------------------------------------
---------------------------------------------------------------------------------
Start Loading Part and Timing Information
---------------------------------------------------------------------------------
Loading part: xc7a35tcpg236-1
INFO: [Device 21-403] Loading part xc7a35tcpg236-1
---------------------------------------------------------------------------------
Finished Loading Part and Timing Information : Time (s): cpu = 00:00:04 ; elapsed = 00:00:04 . Memory (MB): peak = 349.219 ; gain = 139.465
---------------------------------------------------------------------------------
---------------------------------------------------------------------------------
Finished RTL Optimization Phase 2 : Time (s): cpu = 00:00:04 ; elapsed = 00:00:04 . Memory (MB): peak = 354.613 ; gain = 144.859
---------------------------------------------------------------------------------

Report RTL Partitions: 
+-+--------------+------------+----------+
| |RTL Partition |Replication |Instances |
+-+--------------+------------+----------+
+-+--------------+------------+----------+
No constraint files found.
---------------------------------------------------------------------------------
Start RTL Component Statistics 
---------------------------------------------------------------------------------
Detailed RTL Component Info : 
+---XORs : 
	   3 Input      1 Bit         XORs := 32    
---------------------------------------------------------------------------------
Finished RTL Component Statistics 
---------------------------------------------------------------------------------
---------------------------------------------------------------------------------
Start RTL Hierarchical Component Statistics 
---------------------------------------------------------------------------------
Hierarchical RTL Component report 
Module adder 
Detailed RTL Component Info : 
+---XORs : 
	   3 Input      1 Bit         XORs := 1     
---------------------------------------------------------------------------------
Finished RTL Hierarchical Component Statistics
---------------------------------------------------------------------------------
---------------------------------------------------------------------------------
Start Part Resource Summary
---------------------------------------------------------------------------------
Part Resources:
DSPs: 90 (col length:60)
BRAMs: 100 (col length: RAMB18 60 RAMB36 30)
---------------------------------------------------------------------------------
Finished Part Resource Summary
---------------------------------------------------------------------------------
No constraint files found.
---------------------------------------------------------------------------------
Start Cross Boundary and Area Optimization
---------------------------------------------------------------------------------
---------------------------------------------------------------------------------
Finished Cross Boundary and Area Optimization : Time (s): cpu = 00:00:06 ; elapsed = 00:00:06 . Memory (MB): peak = 486.273 ; gain = 276.520
---------------------------------------------------------------------------------

Report RTL Partitions: 
+-+--------------+------------+----------+
| |RTL Partition |Replication |Instances |
+-+--------------+------------+----------+
+-+--------------+------------+----------+
---------------------------------------------------------------------------------
Start Timing Optimization
---------------------------------------------------------------------------------
No constraint files found.
---------------------------------------------------------------------------------
Finished Timing Optimization : Time (s): cpu = 00:00:06 ; elapsed = 00:00:06 . Memory (MB): peak = 486.273 ; gain = 276.520
---------------------------------------------------------------------------------

Report RTL Partitions: 
+-+--------------+------------+----------+
| |RTL Partition |Replication |Instances |
+-+--------------+------------+----------+
+-+--------------+------------+----------+
---------------------------------------------------------------------------------
Start Technology Mapping
---------------------------------------------------------------------------------
---------------------------------------------------------------------------------
Finished Technology Mapping : Time (s): cpu = 00:00:06 ; elapsed = 00:00:07 . Memory (MB): peak = 486.273 ; gain = 276.520
---------------------------------------------------------------------------------

Report RTL Partitions: 
+-+--------------+------------+----------+
| |RTL Partition |Replication |Instances |
+-+--------------+------------+----------+
+-+--------------+------------+----------+
---------------------------------------------------------------------------------
Start IO Insertion
---------------------------------------------------------------------------------
---------------------------------------------------------------------------------
Start Flattening Before IO Insertion
---------------------------------------------------------------------------------
---------------------------------------------------------------------------------
Finished Flattening Before IO Insertion
---------------------------------------------------------------------------------
---------------------------------------------------------------------------------
Start Final Netlist Cleanup
---------------------------------------------------------------------------------
---------------------------------------------------------------------------------
Finished Final Netlist Cleanup
---------------------------------------------------------------------------------
---------------------------------------------------------------------------------
Finished IO Insertion : Time (s): cpu = 00:00:06 ; elapsed = 00:00:07 . Memory (MB): peak = 486.273 ; gain = 276.520
---------------------------------------------------------------------------------

Report Check Netlist: 
+------+------------------+-------+---------+-------+------------------+
|      |Item              |Errors |Warnings |Status |Description       |
+------+------------------+-------+---------+-------+------------------+
|1     |multi_driven_nets |      0|        0|Passed |Multi driven nets |
+------+------------------+-------+---------+-------+------------------+
---------------------------------------------------------------------------------
Start Renaming Generated Instances
---------------------------------------------------------------------------------
---------------------------------------------------------------------------------
Finished Renaming Generated Instances : Time (s): cpu = 00:00:06 ; elapsed = 00:00:07 . Memory (MB): peak = 486.273 ; gain = 276.520
---------------------------------------------------------------------------------

Report RTL Partitions: 
+-+--------------+------------+----------+
| |RTL Partition |Replication |Instances |
+-+--------------+------------+----------+
+-+--------------+------------+----------+
---------------------------------------------------------------------------------
Start Rebuilding User Hierarchy
---------------------------------------------------------------------------------
---------------------------------------------------------------------------------
Finished Rebuilding User Hierarchy : Time (s): cpu = 00:00:06 ; elapsed = 00:00:07 . Memory (MB): peak = 486.273 ; gain = 276.520
---------------------------------------------------------------------------------
---------------------------------------------------------------------------------
Start Renaming Generated Ports
---------------------------------------------------------------------------------
---------------------------------------------------------------------------------
Finished Renaming Generated Ports : Time (s): cpu = 00:00:06 ; elapsed = 00:00:07 . Memory (MB): peak = 486.273 ; gain = 276.520
---------------------------------------------------------------------------------
---------------------------------------------------------------------------------
Start Handling Custom Attributes
---------------------------------------------------------------------------------
---------------------------------------------------------------------------------
Finished Handling Custom Attributes : Time (s): cpu = 00:00:06 ; elapsed = 00:00:07 . Memory (MB): peak = 486.273 ; gain = 276.520
---------------------------------------------------------------------------------
---------------------------------------------------------------------------------
Start Renaming Generated Nets
---------------------------------------------------------------------------------
---------------------------------------------------------------------------------
Finished Renaming Generated Nets : Time (s): cpu = 00:00:06 ; elapsed = 00:00:07 . Memory (MB): peak = 486.273 ; gain = 276.520
---------------------------------------------------------------------------------
---------------------------------------------------------------------------------
Start Writing Synthesis Report
---------------------------------------------------------------------------------

Report BlackBoxes: 
+-+--------------+----------+
| |BlackBox name |Instances |
+-+--------------+----------+
+-+--------------+----------+

Report Cell Usage: 
+------+-----+------+
|      |Cell |Count |
+------+-----+------+
|1     |LUT2 |     1|
|2     |LUT3 |    16|
|3     |LUT4 |     1|
|4     |LUT5 |    28|
|5     |LUT6 |     2|
|6     |IBUF |    64|
|7     |OBUF |    33|
+------+-----+------+

Report Instance Areas: 
+------+---------+-------+------+
|      |Instance |Module |Cells |
+------+---------+-------+------+
|1     |top      |       |   145|
+------+---------+-------+------+
---------------------------------------------------------------------------------
Finished Writing Synthesis Report : Time (s): cpu = 00:00:06 ; elapsed = 00:00:07 . Memory (MB): peak = 486.273 ; gain = 276.520
---------------------------------------------------------------------------------
Synthesis finished with 0 errors, 0 critical warnings and 0 warnings.
Synthesis Optimization Runtime : Time (s): cpu = 00:00:04 ; elapsed = 00:00:05 . Memory (MB): peak = 486.273 ; gain = 249.457
Synthesis Optimization Complete : Time (s): cpu = 00:00:06 ; elapsed = 00:00:07 . Memory (MB): peak = 486.273 ; gain = 276.520
INFO: [Project 1-571] Translating synthesized netlist
INFO: [Netlist 29-17] Analyzing 64 Unisim elements for replacement
INFO: [Netlist 29-28] Unisim Transformation completed in 0 CPU seconds
INFO: [Project 1-570] Preparing netlist for logic optimization
INFO: [Opt 31-138] Pushed 0 inverter(s) to 0 load pin(s).
INFO: [Project 1-111] Unisim Transformation Summary:
No Unisim elements were transformed.

INFO: [Common 17-83] Releasing license: Synthesis
47 Infos, 0 Warnings, 0 Critical Warnings and 0 Errors encountered.
synth_design completed successfully
synth_design: Time (s): cpu = 00:00:05 ; elapsed = 00:00:06 . Memory (MB): peak = 552.695 ; gain = 322.754
INFO: [Common 17-1381] The checkpoint 'C:/Users/Vihan/Documents/GitHub/Mips-Processor/Mips-processor/Mips-processor.runs/synth_1/adder_32bit.dcp' has been generated.
report_utilization: Time (s): cpu = 00:00:00 ; elapsed = 00:00:00.016 . Memory (MB): peak = 552.695 ; gain = 0.000
INFO: [Common 17-206] Exiting Vivado at Thu Oct 07 22:13:32 2021...
