Unable to capture context for thread 9956 in process 1328, can not generate back trace
Exception at PC 0x00007FFE93244F99
Unable to capture context for thread 11996 in process 1328, can not generate back trace
Exception at PC 0x00007FFDF0AABB93
Printing stacktrace...

Unable to capture context for thread 11996 in process 1328, can not generate back trace
Exception at PC 0x00007FFE93244F99
Exception at PC 0x00007FFE93244F99
Exception at PC 0x00007FFE93244F99
Exception at PC 0x00007FFE93244F99
Exception at PC 0x00007FFE93244F99
Exception at PC 0x00007FFE93244F99
Exception at PC 0x00007FFE93244F99
Exception at PC 0x00007FFE93244F99
Exception at PC 0x00007FFE93244F99
Exception at PC 0x00007FFE93244F99
Exception at PC 0x00007FFE93244F99
Exception at PC 0x00007FFE93244F99
Exception at PC 0x00007FFE93244F99
Exception at PC 0x00007FFE93244F99
Exception at PC 0x00007FFE93244F99
Exception at PC 0x00007FFE93244F99
Exception at PC 0x00007FFE93244F99
[0]  [0x00007FFDF0AABB93]
[1]  [0x00007FFDF0AABB93]
[2]  [0x00007FFDF0AAB4A1]
[3]  [0x00007FFDF0AAB3EF]
[4]  [0x00007FFDF0A919FE]
[5]  [0x00007FFDF0A90ED1]
[6]  [0x00007FFDF0A90D76]
[7]  [0x00007FFDF0A379F6]
[8]  [0x00007FFDF0A27AFB]
[9]  [0x00007FFDF0B4E90A]
[10]  [0x00007FFDF0B69F87]
[11]  [0x00007FFDF0B6A05F]
[12] (BaseThreadInitThunk+0x14) [0x00007FFE94DC7034]
[13] (RtlUserThreadStart+0x21) [0x00007FFE95B42651]
Done
